::1 - - [21/Jul/2019:14:37:17 -0500] "GET /app/test.php HTTP/1.1" 200 123
::1 - - [21/Jul/2019:14:37:24 -0500] "GET /app/test.php HTTP/1.1" 200 123
::1 - - [21/Jul/2019:14:37:37 -0500] "GET /app/test HTTP/1.1" 404 1166
::1 - - [21/Jul/2019:14:37:43 -0500] "GET /app/test.php HTTP/1.1" 200 123
::1 - - [21/Jul/2019:14:37:52 -0500] "GET /api/activos HTTP/1.1" 404 1166
::1 - - [21/Jul/2019:14:37:52 -0500] "GET /api/activos HTTP/1.1" 404 1166
::1 - - [21/Jul/2019:14:38:02 -0500] "GET /api/ HTTP/1.1" 404 1166
::1 - - [21/Jul/2019:14:38:07 -0500] "GET /activos HTTP/1.1" 404 1166
::1 - - [21/Jul/2019:14:40:48 -0500] "GET /api/activos HTTP/1.1" 500 764
::1 - - [21/Jul/2019:14:40:53 -0500] "GET /api/activos HTTP/1.1" 500 764
::1 - - [21/Jul/2019:14:40:58 -0500] "GET /app/test.php HTTP/1.1" 200 123
::1 - - [21/Jul/2019:14:41:07 -0500] "GET /api/activosfijos HTTP/1.1" 500 764
::1 - - [21/Jul/2019:14:41:17 -0500] "GET /api/activos HTTP/1.1" 500 764
::1 - - [21/Jul/2019:14:42:33 -0500] "GET /api/activos HTTP/1.1" 500 764
::1 - - [21/Jul/2019:14:42:33 -0500] "GET /api/activos HTTP/1.1" 500 764
::1 - - [21/Jul/2019:14:42:36 -0500] "GET /api/activos HTTP/1.1" 500 764
::1 - - [21/Jul/2019:14:45:01 -0500] "GET /app/Http/Controllers/ActivoController.php HTTP/1.1" 200 182
127.0.0.1 - - [21/Jul/2019:15:05:21 -0500] "GET /api/activos/61 HTTP/1.1" 500 764
127.0.0.1 - - [21/Jul/2019:15:05:21 -0500] "GET /favicon.ico HTTP/1.1" 500 764
::1 - - [21/Jul/2019:15:26:31 -0500] "GET / HTTP/1.1" 403 1150
::1 - - [21/Jul/2019:15:26:38 -0500] "GET /api/activos HTTP/1.1" 403 1132
::1 - - [21/Jul/2019:15:26:40 -0500] "GET /api/activos HTTP/1.1" 403 1132
::1 - - [21/Jul/2019:15:26:41 -0500] "GET /api/activos HTTP/1.1" 403 1132
::1 - - [21/Jul/2019:15:33:24 -0500] "GET / HTTP/1.1" 200 2321
::1 - - [21/Jul/2019:15:33:35 -0500] "GET / HTTP/1.1" 200 2321
::1 - - [21/Jul/2019:15:33:57 -0500] "GET / HTTP/1.1" 200 2321
::1 - - [21/Jul/2019:15:33:58 -0500] "GET / HTTP/1.1" 200 2321
::1 - - [21/Jul/2019:15:34:08 -0500] "GET / HTTP/1.1" 200 16
::1 - - [21/Jul/2019:15:37:44 -0500] "GET / HTTP/1.1" 200 16
::1 - - [21/Jul/2019:15:37:45 -0500] "GET / HTTP/1.1" 200 16
::1 - - [21/Jul/2019:15:38:29 -0500] "GET /api_v2/public HTTP/1.1" 301 339
::1 - - [21/Jul/2019:15:38:29 -0500] "GET /api_v2/public/ HTTP/1.1" 200 2321
::1 - - [21/Jul/2019:15:38:34 -0500] "GET /api_v2/public/api/activos HTTP/1.1" 200 177668
::1 - - [21/Jul/2019:15:38:42 -0500] "GET /api_v2/public/api/activos/2 HTTP/1.1" 200 -
::1 - - [21/Jul/2019:15:38:46 -0500] "GET /api_v2/public/api/activos/2 HTTP/1.1" 200 -
::1 - - [21/Jul/2019:15:38:49 -0500] "GET /api_v2/public/api/activos/6 HTTP/1.1" 200 113
