[Sun Jul 21 14:37:17.557105 2019] [:error] [pid 12732:tid 1980] [client ::1:51895] PHP Fatal error:  Class 'App\\DB' not found in C:\\xampp5\\htdocs\\api_v2\\app\\test.php on line 5
[Sun Jul 21 14:37:24.982864 2019] [:error] [pid 12732:tid 1980] [client ::1:51900] PHP Fatal error:  Class 'App\\DB' not found in C:\\xampp5\\htdocs\\api_v2\\app\\test.php on line 5
[Sun Jul 21 14:37:37.369766 2019] [:error] [pid 12732:tid 1980] [client ::1:51901] script 'C:/xampp5/htdocs/api_v2/index.php' not found or unable to stat
[Sun Jul 21 14:37:43.368332 2019] [:error] [pid 12732:tid 1980] [client ::1:51902] PHP Fatal error:  Class 'App\\DB' not found in C:\\xampp5\\htdocs\\api_v2\\app\\test.php on line 5
[Sun Jul 21 14:37:52.263241 2019] [:error] [pid 12732:tid 1980] [client ::1:51903] script 'C:/xampp5/htdocs/api_v2/index.php' not found or unable to stat
[Sun Jul 21 14:37:52.934858 2019] [:error] [pid 12732:tid 1980] [client ::1:51903] script 'C:/xampp5/htdocs/api_v2/index.php' not found or unable to stat
[Sun Jul 21 14:38:02.024655 2019] [:error] [pid 12732:tid 1980] [client ::1:51904] script 'C:/xampp5/htdocs/api_v2/index.php' not found or unable to stat
[Sun Jul 21 14:38:07.256661 2019] [:error] [pid 12732:tid 1980] [client ::1:51905] script 'C:/xampp5/htdocs/api_v2/index.php' not found or unable to stat
[Sun Jul 21 14:40:48.237540 2019] [core:error] [pid 12124:tid 2000] [client ::1:51921] AH00124: Request exceeded the limit of 10 internal redirects due to probable configuration error. Use 'LimitInternalRecursion' to increase the limit if necessary. Use 'LogLevel debug' to get a backtrace.
[Sun Jul 21 14:40:48.237540 2019] [core:error] [pid 12124:tid 2000] [client ::1:51921] AH00124: Request exceeded the limit of 10 internal redirects due to probable configuration error. Use 'LimitInternalRecursion' to increase the limit if necessary. Use 'LogLevel debug' to get a backtrace.
[Sun Jul 21 14:40:53.893302 2019] [core:error] [pid 12124:tid 2000] [client ::1:51922] AH00124: Request exceeded the limit of 10 internal redirects due to probable configuration error. Use 'LimitInternalRecursion' to increase the limit if necessary. Use 'LogLevel debug' to get a backtrace.
[Sun Jul 21 14:40:53.893302 2019] [core:error] [pid 12124:tid 2000] [client ::1:51922] AH00124: Request exceeded the limit of 10 internal redirects due to probable configuration error. Use 'LimitInternalRecursion' to increase the limit if necessary. Use 'LogLevel debug' to get a backtrace.
[Sun Jul 21 14:40:58.452687 2019] [:error] [pid 12124:tid 2000] [client ::1:51923] PHP Fatal error:  Class 'App\\DB' not found in C:\\xampp5\\htdocs\\api_v2\\app\\test.php on line 5
[Sun Jul 21 14:41:07.122722 2019] [core:error] [pid 12124:tid 2000] [client ::1:51924] AH00124: Request exceeded the limit of 10 internal redirects due to probable configuration error. Use 'LimitInternalRecursion' to increase the limit if necessary. Use 'LogLevel debug' to get a backtrace.
[Sun Jul 21 14:41:07.122722 2019] [core:error] [pid 12124:tid 2000] [client ::1:51924] AH00124: Request exceeded the limit of 10 internal redirects due to probable configuration error. Use 'LimitInternalRecursion' to increase the limit if necessary. Use 'LogLevel debug' to get a backtrace.
[Sun Jul 21 14:41:17.115003 2019] [core:error] [pid 12124:tid 2000] [client ::1:51925] AH00124: Request exceeded the limit of 10 internal redirects due to probable configuration error. Use 'LimitInternalRecursion' to increase the limit if necessary. Use 'LogLevel debug' to get a backtrace.
[Sun Jul 21 14:41:17.115003 2019] [core:error] [pid 12124:tid 2000] [client ::1:51925] AH00124: Request exceeded the limit of 10 internal redirects due to probable configuration error. Use 'LimitInternalRecursion' to increase the limit if necessary. Use 'LogLevel debug' to get a backtrace.
[Sun Jul 21 14:42:33.195425 2019] [core:error] [pid 12124:tid 2000] [client ::1:51942] AH00124: Request exceeded the limit of 10 internal redirects due to probable configuration error. Use 'LimitInternalRecursion' to increase the limit if necessary. Use 'LogLevel debug' to get a backtrace.
[Sun Jul 21 14:42:33.195425 2019] [core:error] [pid 12124:tid 2000] [client ::1:51942] AH00124: Request exceeded the limit of 10 internal redirects due to probable configuration error. Use 'LimitInternalRecursion' to increase the limit if necessary. Use 'LogLevel debug' to get a backtrace.
[Sun Jul 21 14:42:33.711119 2019] [core:error] [pid 12124:tid 2000] [client ::1:51943] AH00124: Request exceeded the limit of 10 internal redirects due to probable configuration error. Use 'LimitInternalRecursion' to increase the limit if necessary. Use 'LogLevel debug' to get a backtrace.
[Sun Jul 21 14:42:33.711119 2019] [core:error] [pid 12124:tid 2000] [client ::1:51943] AH00124: Request exceeded the limit of 10 internal redirects due to probable configuration error. Use 'LimitInternalRecursion' to increase the limit if necessary. Use 'LogLevel debug' to get a backtrace.
[Sun Jul 21 14:42:36.382591 2019] [core:error] [pid 12124:tid 2000] [client ::1:51946] AH00124: Request exceeded the limit of 10 internal redirects due to probable configuration error. Use 'LimitInternalRecursion' to increase the limit if necessary. Use 'LogLevel debug' to get a backtrace.
[Sun Jul 21 14:42:36.382591 2019] [core:error] [pid 12124:tid 2000] [client ::1:51946] AH00124: Request exceeded the limit of 10 internal redirects due to probable configuration error. Use 'LimitInternalRecursion' to increase the limit if necessary. Use 'LogLevel debug' to get a backtrace.
[Sun Jul 21 14:45:01.587488 2019] [:error] [pid 12124:tid 2000] [client ::1:51959] PHP Fatal error:  Class 'App\\Http\\Controllers\\Controller' not found in C:\\xampp5\\htdocs\\api_v2\\app\\Http\\Controllers\\ActivoController.php on line 11
[Sun Jul 21 15:05:21.564284 2019] [core:error] [pid 6512:tid 1976] [client 127.0.0.1:52229] AH00124: Request exceeded the limit of 10 internal redirects due to probable configuration error. Use 'LimitInternalRecursion' to increase the limit if necessary. Use 'LogLevel debug' to get a backtrace.
[Sun Jul 21 15:05:21.564284 2019] [core:error] [pid 6512:tid 1976] [client 127.0.0.1:52229] AH00124: Request exceeded the limit of 10 internal redirects due to probable configuration error. Use 'LimitInternalRecursion' to increase the limit if necessary. Use 'LogLevel debug' to get a backtrace.
[Sun Jul 21 15:05:21.637243 2019] [core:error] [pid 6512:tid 1976] [client 127.0.0.1:52230] AH00124: Request exceeded the limit of 10 internal redirects due to probable configuration error. Use 'LimitInternalRecursion' to increase the limit if necessary. Use 'LogLevel debug' to get a backtrace., referer: http://127.0.0.1/api/activos/61
[Sun Jul 21 15:05:21.637243 2019] [core:error] [pid 6512:tid 1976] [client 127.0.0.1:52230] AH00124: Request exceeded the limit of 10 internal redirects due to probable configuration error. Use 'LimitInternalRecursion' to increase the limit if necessary. Use 'LogLevel debug' to get a backtrace., referer: http://127.0.0.1/api/activos/61
[Sun Jul 21 15:26:31.498537 2019] [authz_core:error] [pid 9088:tid 2016] [client ::1:52369] AH01630: client denied by server configuration: C:/xampp5/htdocs/api_v2/public/
[Sun Jul 21 15:26:38.224688 2019] [authz_core:error] [pid 9088:tid 2016] [client ::1:52371] AH01630: client denied by server configuration: C:/xampp5/htdocs/api_v2/public/api
[Sun Jul 21 15:26:40.560358 2019] [authz_core:error] [pid 9088:tid 2016] [client ::1:52371] AH01630: client denied by server configuration: C:/xampp5/htdocs/api_v2/public/api
[Sun Jul 21 15:26:41.067061 2019] [authz_core:error] [pid 9088:tid 2016] [client ::1:52371] AH01630: client denied by server configuration: C:/xampp5/htdocs/api_v2/public/api
[Sun Jul 21 15:37:42.550489 2019] [core:warn] [pid 1160:tid 160] AH00098: pid file C:/xampp5/apache/logs/httpd.pid overwritten -- Unclean shutdown of previous Apache run?
[Sun Jul 21 15:37:42.679424 2019] [mpm_winnt:notice] [pid 1160:tid 160] AH00455: Apache/2.4.38 (Win64) OpenSSL/1.0.2q PHP/5.6.40 configured -- resuming normal operations
[Sun Jul 21 15:37:42.679424 2019] [mpm_winnt:notice] [pid 1160:tid 160] AH00456: Apache Lounge VC11 Server built: Jan 21 2019 13:25:29
[Sun Jul 21 15:37:42.679424 2019] [core:notice] [pid 1160:tid 160] AH00094: Command line: 'c:\\xampp5\\apache\\bin\\httpd.exe -d C:/xampp5/apache'
[Sun Jul 21 15:37:42.680424 2019] [mpm_winnt:notice] [pid 1160:tid 160] AH00418: Parent: Created child process 14972
[Sun Jul 21 15:37:43.449974 2019] [mpm_winnt:notice] [pid 14972:tid 568] AH00354: Child: Starting 150 worker threads.
